2022-12-17 12:39:27.219 [info] <0.44.0> Application lager started on node nonode@nohost
2022-12-17 12:39:27.221 [info] <0.44.0> Application xmerl started on node nonode@nohost
2022-12-17 12:39:27.225 [info] <0.44.0> Application sasl started on node nonode@nohost
2022-12-17 12:39:27.225 [info] <0.44.0> Application tools started on node nonode@nohost
2022-12-17 12:39:27.225 [info] <0.44.0> Application jsx started on node nonode@nohost
2022-12-17 12:39:27.225 [info] <0.44.0> Application recon started on node nonode@nohost
2022-12-17 12:39:27.253 [info] <0.44.0> Application credentials_obfuscation started on node nonode@nohost
2022-12-17 12:39:27.253 [info] <0.44.0> Application rabbit_common started on node nonode@nohost
2022-12-17 12:39:27.259 [info] <0.44.0> Application amqp_client started on node nonode@nohost
2022-12-17 12:39:27.260 [info] <0.44.0> Application amqp started on node nonode@nohost
2022-12-17 12:39:27.260 [info] <0.44.0> Application rabbitmq_tutorial started on node nonode@nohost
2022-12-17 12:39:33.993 [info] <0.44.0> Application lager started on node nonode@nohost
2022-12-17 12:39:33.994 [info] <0.44.0> Application xmerl started on node nonode@nohost
2022-12-17 12:39:33.997 [info] <0.44.0> Application sasl started on node nonode@nohost
2022-12-17 12:39:33.997 [info] <0.44.0> Application tools started on node nonode@nohost
2022-12-17 12:39:33.997 [info] <0.44.0> Application jsx started on node nonode@nohost
2022-12-17 12:39:33.997 [info] <0.44.0> Application recon started on node nonode@nohost
2022-12-17 12:39:34.025 [info] <0.44.0> Application credentials_obfuscation started on node nonode@nohost
2022-12-17 12:39:34.025 [info] <0.44.0> Application rabbit_common started on node nonode@nohost
2022-12-17 12:39:34.029 [info] <0.44.0> Application amqp_client started on node nonode@nohost
2022-12-17 12:39:34.031 [info] <0.44.0> Application amqp started on node nonode@nohost
2022-12-17 12:39:34.031 [info] <0.44.0> Application rabbitmq_tutorial started on node nonode@nohost
2022-12-17 12:40:46.621 [info] <0.44.0> Application lager started on node nonode@nohost
2022-12-17 12:40:46.623 [info] <0.44.0> Application xmerl started on node nonode@nohost
2022-12-17 12:40:46.625 [info] <0.44.0> Application sasl started on node nonode@nohost
2022-12-17 12:40:46.625 [info] <0.44.0> Application tools started on node nonode@nohost
2022-12-17 12:40:46.625 [info] <0.44.0> Application jsx started on node nonode@nohost
2022-12-17 12:40:46.625 [info] <0.44.0> Application recon started on node nonode@nohost
2022-12-17 12:40:46.653 [info] <0.44.0> Application credentials_obfuscation started on node nonode@nohost
2022-12-17 12:40:46.653 [info] <0.44.0> Application rabbit_common started on node nonode@nohost
2022-12-17 12:40:46.658 [info] <0.44.0> Application amqp_client started on node nonode@nohost
2022-12-17 12:40:46.659 [info] <0.44.0> Application amqp started on node nonode@nohost
2022-12-17 12:40:46.660 [info] <0.44.0> Application rabbitmq_tutorial started on node nonode@nohost
2022-12-17 12:42:27.032 [info] <0.44.0> Application lager started on node nonode@nohost
2022-12-17 12:42:27.033 [info] <0.44.0> Application xmerl started on node nonode@nohost
2022-12-17 12:42:27.036 [info] <0.44.0> Application sasl started on node nonode@nohost
2022-12-17 12:42:27.036 [info] <0.44.0> Application tools started on node nonode@nohost
2022-12-17 12:42:27.036 [info] <0.44.0> Application jsx started on node nonode@nohost
2022-12-17 12:42:27.036 [info] <0.44.0> Application recon started on node nonode@nohost
2022-12-17 12:42:27.063 [info] <0.44.0> Application credentials_obfuscation started on node nonode@nohost
2022-12-17 12:42:27.064 [info] <0.44.0> Application rabbit_common started on node nonode@nohost
2022-12-17 12:42:27.068 [info] <0.44.0> Application amqp_client started on node nonode@nohost
2022-12-17 12:42:27.069 [info] <0.44.0> Application amqp started on node nonode@nohost
2022-12-17 12:42:27.069 [info] <0.44.0> Application rabbitmq_tutorial started on node nonode@nohost
2022-12-17 12:49:43.145 [info] <0.44.0> Application lager started on node nonode@nohost
2022-12-17 12:49:43.147 [info] <0.44.0> Application xmerl started on node nonode@nohost
2022-12-17 12:49:43.152 [info] <0.44.0> Application sasl started on node nonode@nohost
2022-12-17 12:49:43.152 [info] <0.44.0> Application tools started on node nonode@nohost
2022-12-17 12:49:43.152 [info] <0.44.0> Application jsx started on node nonode@nohost
2022-12-17 12:49:43.152 [info] <0.44.0> Application recon started on node nonode@nohost
2022-12-17 12:49:43.183 [info] <0.44.0> Application credentials_obfuscation started on node nonode@nohost
2022-12-17 12:49:43.183 [info] <0.44.0> Application rabbit_common started on node nonode@nohost
2022-12-17 12:49:43.188 [info] <0.44.0> Application amqp_client started on node nonode@nohost
2022-12-17 12:49:43.189 [info] <0.44.0> Application amqp started on node nonode@nohost
2022-12-17 12:49:43.189 [info] <0.44.0> Application rabbitmq_tutorial started on node nonode@nohost
2022-12-17 12:50:57.380 [error] <0.325.0>@lists:reverse:175 Supervisor {<0.325.0>,amqp_channel_sup} had child writer started with rabbit_writer:start_link(#Port<0.8>, 1, 131072, rabbit_framing_amqp_0_9_1, <0.327.0>, {<<"client 127.0.0.1:53394 -> 127.0.0.1:5672">>,1}, false, 1000000000) at <0.328.0> exit with reason no function clause matching lists:reverse(#{hi => <<"there">>}) line 175 in context child_terminated
2022-12-17 12:50:57.380 [error] <0.325.0> Supervisor {<0.325.0>,amqp_channel_sup} had child writer started with rabbit_writer:start_link(#Port<0.8>, 1, 131072, rabbit_framing_amqp_0_9_1, <0.327.0>, {<<"client 127.0.0.1:53394 -> 127.0.0.1:5672">>,1}, false, 1000000000) at <0.328.0> exit with reason reached_max_restart_intensity in context shutdown
2022-12-17 12:50:57.380 [error] emulator Error in process <0.328.0> with exit value:
{function_clause,[{lists,reverse,[#{hi => <<"there">>}],[{file,"lists.erl"},{line,175}]},{rabbit_binary_generator,build_content_frames,3,[{file,"/home/zsherbondy/src/local.local/rabbitmq_tutorial/deps/rabbit_common/src/rabbit_binary_generator.erl"},{line,72}]},{rabbit_binary_generator,build_simple_content_frames,4,[{file,"/home/zsherbondy/src/local.local/rabbitmq_tutorial/deps/rabbit_common/src/rabbit_binary_generator.erl"},{line,61}]},{rabbit_writer,assemble_frames,5,[{file,"/home/zsherbondy/src/local.local/rabbitmq_tutorial/deps/rabbit_common/src/rabbit_writer.erl"},{line,331}]},{rabbit_writer,internal_send_command_async,3,[{file,"/home/zsherbondy/src/local.local/rabbitmq_tutorial/deps/rabbit_common/src/rabbit_writer.erl"},{line,362}]},{rabbit_writer,handle_message,3,[{file,"/home/zsherbondy/src/local.local/rabbitmq_tutorial/deps/rabbit_common/src/rabbit_writer.erl"},{line,229}]},{rabbit_writer,mainloop1,2,[{file,"/home/zsherbondy/src/local.local/rabbitmq_tutorial/deps/rabbit_common/src/rabbit_writer.erl"},{line,213}]},{rabbit_writer,mainloop,2,[{file,"/home/zsherbondy/src/local.local/rabbitmq_tutorial/deps/rabbit_common/src/rabbit_writer.erl"},{line,204}]}]}
2022-12-17 12:51:42.019 [error] <0.341.0>@lists:reverse:175 Supervisor {<0.341.0>,amqp_channel_sup} had child writer started with rabbit_writer:start_link(#Port<0.9>, 1, 131072, rabbit_framing_amqp_0_9_1, <0.343.0>, {<<"client 127.0.0.1:42512 -> 127.0.0.1:5672">>,1}, false, 1000000000) at <0.344.0> exit with reason no function clause matching lists:reverse(#{hi => <<"there">>}) line 175 in context child_terminated
2022-12-17 12:51:42.019 [error] <0.341.0> Supervisor {<0.341.0>,amqp_channel_sup} had child writer started with rabbit_writer:start_link(#Port<0.9>, 1, 131072, rabbit_framing_amqp_0_9_1, <0.343.0>, {<<"client 127.0.0.1:42512 -> 127.0.0.1:5672">>,1}, false, 1000000000) at <0.344.0> exit with reason reached_max_restart_intensity in context shutdown
2022-12-17 12:51:42.019 [error] emulator Error in process <0.344.0> with exit value:
{function_clause,[{lists,reverse,[#{hi => <<"there">>}],[{file,"lists.erl"},{line,175}]},{rabbit_binary_generator,build_content_frames,3,[{file,"/home/zsherbondy/src/local.local/rabbitmq_tutorial/deps/rabbit_common/src/rabbit_binary_generator.erl"},{line,72}]},{rabbit_binary_generator,build_simple_content_frames,4,[{file,"/home/zsherbondy/src/local.local/rabbitmq_tutorial/deps/rabbit_common/src/rabbit_binary_generator.erl"},{line,61}]},{rabbit_writer,assemble_frames,5,[{file,"/home/zsherbondy/src/local.local/rabbitmq_tutorial/deps/rabbit_common/src/rabbit_writer.erl"},{line,331}]},{rabbit_writer,internal_send_command_async,3,[{file,"/home/zsherbondy/src/local.local/rabbitmq_tutorial/deps/rabbit_common/src/rabbit_writer.erl"},{line,362}]},{rabbit_writer,handle_message,3,[{file,"/home/zsherbondy/src/local.local/rabbitmq_tutorial/deps/rabbit_common/src/rabbit_writer.erl"},{line,229}]},{rabbit_writer,mainloop1,2,[{file,"/home/zsherbondy/src/local.local/rabbitmq_tutorial/deps/rabbit_common/src/rabbit_writer.erl"},{line,213}]},{rabbit_writer,mainloop,2,[{file,"/home/zsherbondy/src/local.local/rabbitmq_tutorial/deps/rabbit_common/src/rabbit_writer.erl"},{line,204}]}]}
2022-12-17 12:52:46.225 [info] <0.44.0> Application lager started on node nonode@nohost
2022-12-17 12:52:46.226 [info] <0.44.0> Application xmerl started on node nonode@nohost
2022-12-17 12:52:46.229 [info] <0.44.0> Application sasl started on node nonode@nohost
2022-12-17 12:52:46.229 [info] <0.44.0> Application tools started on node nonode@nohost
2022-12-17 12:52:46.229 [info] <0.44.0> Application jsx started on node nonode@nohost
2022-12-17 12:52:46.229 [info] <0.44.0> Application recon started on node nonode@nohost
2022-12-17 12:52:46.257 [info] <0.44.0> Application credentials_obfuscation started on node nonode@nohost
2022-12-17 12:52:46.257 [info] <0.44.0> Application rabbit_common started on node nonode@nohost
2022-12-17 12:52:46.262 [info] <0.44.0> Application amqp_client started on node nonode@nohost
2022-12-17 12:52:46.264 [info] <0.44.0> Application amqp started on node nonode@nohost
2022-12-17 12:52:46.264 [info] <0.44.0> Application rabbitmq_tutorial started on node nonode@nohost
2022-12-17 12:57:59.788 [info] <0.44.0> Application lager started on node nonode@nohost
2022-12-17 12:57:59.789 [info] <0.44.0> Application xmerl started on node nonode@nohost
2022-12-17 12:57:59.792 [info] <0.44.0> Application sasl started on node nonode@nohost
2022-12-17 12:57:59.792 [info] <0.44.0> Application tools started on node nonode@nohost
2022-12-17 12:57:59.792 [info] <0.44.0> Application jsx started on node nonode@nohost
2022-12-17 12:57:59.792 [info] <0.44.0> Application recon started on node nonode@nohost
2022-12-17 12:57:59.821 [info] <0.44.0> Application credentials_obfuscation started on node nonode@nohost
2022-12-17 12:57:59.821 [info] <0.44.0> Application rabbit_common started on node nonode@nohost
2022-12-17 12:57:59.826 [info] <0.44.0> Application amqp_client started on node nonode@nohost
2022-12-17 12:57:59.828 [info] <0.44.0> Application amqp started on node nonode@nohost
2022-12-17 12:57:59.828 [info] <0.44.0> Application rabbitmq_tutorial started on node nonode@nohost
2022-12-17 12:58:08.531 [info] <0.44.0> Application lager started on node nonode@nohost
2022-12-17 12:58:08.533 [info] <0.44.0> Application xmerl started on node nonode@nohost
2022-12-17 12:58:08.535 [info] <0.44.0> Application sasl started on node nonode@nohost
2022-12-17 12:58:08.535 [info] <0.44.0> Application tools started on node nonode@nohost
2022-12-17 12:58:08.535 [info] <0.44.0> Application jsx started on node nonode@nohost
2022-12-17 12:58:08.535 [info] <0.44.0> Application recon started on node nonode@nohost
2022-12-17 12:58:08.563 [info] <0.44.0> Application credentials_obfuscation started on node nonode@nohost
2022-12-17 12:58:08.563 [info] <0.44.0> Application rabbit_common started on node nonode@nohost
2022-12-17 12:58:08.568 [info] <0.44.0> Application amqp_client started on node nonode@nohost
2022-12-17 12:58:08.569 [info] <0.44.0> Application amqp started on node nonode@nohost
2022-12-17 12:58:08.569 [info] <0.44.0> Application rabbitmq_tutorial started on node nonode@nohost
2022-12-17 12:58:47.509 [info] <0.44.0> Application lager started on node nonode@nohost
2022-12-17 12:58:47.510 [info] <0.44.0> Application xmerl started on node nonode@nohost
2022-12-17 12:58:47.513 [info] <0.44.0> Application sasl started on node nonode@nohost
2022-12-17 12:58:47.513 [info] <0.44.0> Application tools started on node nonode@nohost
2022-12-17 12:58:47.513 [info] <0.44.0> Application jsx started on node nonode@nohost
2022-12-17 12:58:47.513 [info] <0.44.0> Application recon started on node nonode@nohost
2022-12-17 12:58:47.540 [info] <0.44.0> Application credentials_obfuscation started on node nonode@nohost
2022-12-17 12:58:47.540 [info] <0.44.0> Application rabbit_common started on node nonode@nohost
2022-12-17 12:58:47.545 [info] <0.44.0> Application amqp_client started on node nonode@nohost
2022-12-17 12:58:47.547 [info] <0.44.0> Application amqp started on node nonode@nohost
2022-12-17 12:58:47.547 [info] <0.44.0> Application rabbitmq_tutorial started on node nonode@nohost
